<?xml version="1.0" encoding="UTF-8"?>
<robot generator="Robot 5.0.1 (Python 3.10.7 on win32)" generated="20230214 23:32:04.157" rpa="false" schemaversion="3">
<suite id="s1" name="EITK3 Restart EITK" source="C:\Users\acruz\OneDrive - Aspen Technology, Inc\Documents\AutoTasks\auto_eitk3_robot\EITK3_Restart_EITK.robot">
<test id="s1-t1" name="Change System Settings" line="16">
<kw name="Open_Browser_And_Login_As_Admin" library="General_Keywords">
<arg>Chrome</arg>
<kw name="Open Browser" library="SeleniumLibrary">
<arg>${URL}</arg>
<arg>${Browser}</arg>
<doc>Opens a new browser instance to the optional ``url``.</doc>
<msg timestamp="20230214 23:32:04.356" level="INFO">Opening browser 'Chrome' to base url 'https://172.17.82.129:8443/platform/page/signin.html'.</msg>
<status status="PASS" starttime="20230214 23:32:04.355" endtime="20230214 23:32:11.410"/>
</kw>
<kw name="Maximize Browser Window" library="SeleniumLibrary">
<doc>Maximizes current browser window.</doc>
<status status="PASS" starttime="20230214 23:32:11.410" endtime="20230214 23:32:11.529"/>
</kw>
<kw name="Set Selenium Timeout" library="SeleniumLibrary">
<arg>60s</arg>
<doc>Sets the timeout that is used by various keywords.</doc>
<status status="PASS" starttime="20230214 23:32:11.529" endtime="20230214 23:32:11.530"/>
</kw>
<kw name="Run Keyword If" library="BuiltIn">
<arg>"${Browser}" == "ie"</arg>
<arg>set selenium speed</arg>
<arg>0.08s</arg>
<doc>Runs the given keyword with the given arguments, if ``condition`` is true.</doc>
<status status="PASS" starttime="20230214 23:32:11.530" endtime="20230214 23:32:11.531"/>
</kw>
<kw name="Run Keyword If" library="BuiltIn">
<arg>"${Browser}" == "chrome"</arg>
<arg>set selenium speed</arg>
<arg>0.08s</arg>
<doc>Runs the given keyword with the given arguments, if ``condition`` is true.</doc>
<status status="PASS" starttime="20230214 23:32:11.531" endtime="20230214 23:32:11.531"/>
</kw>
<kw name="Run Keyword If" library="BuiltIn">
<arg>"${Browser}" == "ie"</arg>
<arg>Verify_IE_CertIssue_Exists</arg>
<doc>Runs the given keyword with the given arguments, if ``condition`` is true.</doc>
<status status="PASS" starttime="20230214 23:32:11.531" endtime="20230214 23:32:11.531"/>
</kw>
<kw name="Run Keyword And Return Status" library="BuiltIn">
<var>${Cert_Authentication}</var>
<arg>wait until element is visible</arg>
<arg>xpath=//*[@id="details-button"]</arg>
<arg>5s</arg>
<doc>Runs the given keyword with given arguments and returns the status as a Boolean value.</doc>
<kw name="Wait Until Element Is Visible" library="SeleniumLibrary">
<arg>xpath=//*[@id="details-button"]</arg>
<arg>5s</arg>
<doc>Waits until the element ``locator`` is visible.</doc>
<msg timestamp="20230214 23:32:16.734" level="FAIL">Element 'xpath=//*[@id="details-button"]' not visible after 5 seconds.</msg>
<status status="FAIL" starttime="20230214 23:32:11.531" endtime="20230214 23:32:16.735"/>
</kw>
<msg timestamp="20230214 23:32:16.735" level="INFO">${Cert_Authentication} = False</msg>
<status status="PASS" starttime="20230214 23:32:11.531" endtime="20230214 23:32:16.735"/>
</kw>
<kw name="Run Keyword If" library="BuiltIn">
<arg>${Cert_Authentication}</arg>
<arg>click element</arg>
<arg>xpath=//*[@id="details-button"]</arg>
<doc>Runs the given keyword with the given arguments, if ``condition`` is true.</doc>
<status status="PASS" starttime="20230214 23:32:16.736" endtime="20230214 23:32:16.736"/>
</kw>
<kw name="Run Keyword If" library="BuiltIn">
<arg>${Cert_Authentication}</arg>
<arg>click element</arg>
<arg>xpath=//*[@id="proceed-link"]</arg>
<doc>Runs the given keyword with the given arguments, if ``condition`` is true.</doc>
<status status="PASS" starttime="20230214 23:32:16.736" endtime="20230214 23:32:16.736"/>
</kw>
<kw name="Wait Until Element Is Visible" library="SeleniumLibrary">
<arg>xpath=${OSI_Logo}</arg>
<doc>Waits until the element ``locator`` is visible.</doc>
<status status="PASS" starttime="20230214 23:32:16.736" endtime="20230214 23:32:16.760"/>
</kw>
<kw name="Wait Until Element Is Visible" library="SeleniumLibrary">
<arg>xpath=${OSI_Username}</arg>
<doc>Waits until the element ``locator`` is visible.</doc>
<status status="PASS" starttime="20230214 23:32:16.760" endtime="20230214 23:32:16.779"/>
</kw>
<kw name="Input Text" library="SeleniumLibrary">
<arg>id:username</arg>
<arg>admin</arg>
<doc>Types the given ``text`` into the text field identified by ``locator``.</doc>
<msg timestamp="20230214 23:32:16.779" level="INFO">Typing text 'admin' into text field 'id:username'.</msg>
<status status="PASS" starttime="20230214 23:32:16.779" endtime="20230214 23:32:16.826"/>
</kw>
<kw name="Wait Until Element Is Visible" library="SeleniumLibrary">
<arg>xpath=${OSI_Password}</arg>
<doc>Waits until the element ``locator`` is visible.</doc>
<status status="PASS" starttime="20230214 23:32:16.826" endtime="20230214 23:32:16.841"/>
</kw>
<kw name="Input Text" library="SeleniumLibrary">
<arg>id:password</arg>
<arg>admin21`</arg>
<doc>Types the given ``text`` into the text field identified by ``locator``.</doc>
<msg timestamp="20230214 23:32:16.841" level="INFO">Typing text 'admin21`' into text field 'id:password'.</msg>
<status status="PASS" starttime="20230214 23:32:16.841" endtime="20230214 23:32:16.897"/>
</kw>
<kw name="Wait Until Element Is Visible" library="SeleniumLibrary">
<arg>xpath=${OSI_Login_Button}</arg>
<doc>Waits until the element ``locator`` is visible.</doc>
<status status="PASS" starttime="20230214 23:32:16.897" endtime="20230214 23:32:16.913"/>
</kw>
<kw name="Click Element" library="SeleniumLibrary">
<arg>xpath=${OSI_Login_Button}</arg>
<doc>Click the element identified by ``locator``.</doc>
<msg timestamp="20230214 23:32:16.913" level="INFO">Clicking element 'xpath=//*[@id="submit"]'.</msg>
<status status="PASS" starttime="20230214 23:32:16.913" endtime="20230214 23:32:16.944"/>
</kw>
<status status="PASS" starttime="20230214 23:32:04.355" endtime="20230214 23:32:16.944"/>
</kw>
<kw name="Set Selenium Speed" library="SeleniumLibrary">
<arg>2s</arg>
<doc>Sets the delay that is waited after each Selenium command.</doc>
<status status="PASS" starttime="20230214 23:32:16.945" endtime="20230214 23:32:16.945"/>
</kw>
<kw name="Wait Until Element Is Visible" library="SeleniumLibrary">
<arg>xpath=${Image_SM}</arg>
<doc>Waits until the element ``locator`` is visible.</doc>
<status status="PASS" starttime="20230214 23:32:16.946" endtime="20230214 23:32:34.277"/>
</kw>
<kw name="Click Element" library="SeleniumLibrary">
<arg>xpath=${Image_SM}</arg>
<doc>Click the element identified by ``locator``.</doc>
<msg timestamp="20230214 23:32:34.278" level="INFO">Clicking element 'xpath=//*[@id="appsContainer"]//a[@href='/platform/page/auth/sitemonitor.html']//*//img[@src='/platform/page/auth/images/apps-system-monitor-sm.png']'.</msg>
<status status="PASS" starttime="20230214 23:32:34.278" endtime="20230214 23:32:39.234"/>
</kw>
<kw name="Wait Until Element Is Visible" library="SeleniumLibrary">
<arg>xpath=//*[@id="global-page-content"]/div[2]/div[2]/div[1]/div/div</arg>
<doc>Waits until the element ``locator`` is visible.</doc>
<status status="PASS" starttime="20230214 23:32:39.234" endtime="20230214 23:32:43.278"/>
</kw>
<kw name="Click Element" library="SeleniumLibrary">
<arg>xpath=//*[@id="global-page-content"]/div[2]/div[2]/div[1]/div/div</arg>
<doc>Click the element identified by ``locator``.</doc>
<msg timestamp="20230214 23:32:43.279" level="INFO">Clicking element 'xpath=//*[@id="global-page-content"]/div[2]/div[2]/div[1]/div/div'.</msg>
<status status="PASS" starttime="20230214 23:32:43.279" endtime="20230214 23:32:47.403"/>
</kw>
<kw name="Sleep" library="BuiltIn">
<arg>10s</arg>
<doc>Pauses the test executed for the given time.</doc>
<msg timestamp="20230214 23:32:57.404" level="INFO">Slept 10 seconds</msg>
<status status="PASS" starttime="20230214 23:32:47.403" endtime="20230214 23:32:57.404"/>
</kw>
<kw name="Close All Browsers" library="SeleniumLibrary">
<doc>Closes all open browsers and resets the browser cache.</doc>
<status status="PASS" starttime="20230214 23:32:57.405" endtime="20230214 23:33:01.500"/>
</kw>
<status status="PASS" starttime="20230214 23:32:04.354" endtime="20230214 23:33:01.501"/>
</test>
<status status="PASS" starttime="20230214 23:32:04.158" endtime="20230214 23:33:01.503"/>
</suite>
<statistics>
<total>
<stat pass="1" fail="0" skip="0">All Tests</stat>
</total>
<tag>
</tag>
<suite>
<stat pass="1" fail="0" skip="0" id="s1" name="EITK3 Restart EITK">EITK3 Restart EITK</stat>
</suite>
</statistics>
<errors>
<msg timestamp="20230214 23:32:04.321" level="ERROR">Error in file 'C:\Users\acruz\OneDrive - Aspen Technology, Inc\Documents\AutoTasks\auto_common_robot\General_Keywords.robot' on line 2: Processing variable file 'C:\Users\acruz\OneDrive - Aspen Technology, Inc\Documents\AutoTasks\auto_common_robot\Robot_Pass_Fail_Report_To_Jama.py' failed: Importing variable file 'C:\Users\acruz\OneDrive - Aspen Technology, Inc\Documents\AutoTasks\auto_common_robot\Robot_Pass_Fail_Report_To_Jama.py' failed: ModuleNotFoundError: No module named 'jama'
Traceback (most recent call last):
  File "C:\Users\acruz\OneDrive - Aspen Technology, Inc\Documents\AutoTasks\auto_common_robot\Robot_Pass_Fail_Report_To_Jama.py", line 2, in &lt;module&gt;
    from jama import jama_proxy
PYTHONPATH:
  C:\Users\acruz\OneDrive - Aspen Technology, Inc\Documents\AutoTasks\auto_common_robot
  C:\Users\acruz\AppData\Local\Programs\Python\Python310\Scripts
  C:\Users\acruz\AppData\Local\Programs\Python\Python310\python310.zip
  C:\Users\acruz\AppData\Local\Programs\Python\Python310\DLLs
  C:\Users\acruz\AppData\Local\Programs\Python\Python310\lib
  C:\Users\acruz\AppData\Local\Programs\Python\Python310
  C:\Users\acruz\AppData\Local\Programs\Python\Python310\lib\site-packages
  C:\Users\acruz\AppData\Local\Programs\Python\Python310\lib\site-packages\robotframework-5.1b2.dev1-py3.10.egg
  C:\Users\acruz\AppData\Local\Programs\Python\Python310\lib\site-packages\win32
  C:\Users\acruz\AppData\Local\Programs\Python\Python310\lib\site-packages\win32\lib
  C:\Users\acruz\AppData\Local\Programs\Python\Python310\lib\site-packages\Pythonwin</msg>
<msg timestamp="20230214 23:32:04.327" level="ERROR">Error in file 'C:\Users\acruz\OneDrive - Aspen Technology, Inc\Documents\AutoTasks\auto_common_robot\General_Keywords.robot' on line 3: Importing library 'C:\Users\acruz\OneDrive - Aspen Technology, Inc\Documents\AutoTasks\auto_common_robot\Robot_Pass_Fail_Report_To_Jama.py' failed: ModuleNotFoundError: No module named 'jama'
Traceback (most recent call last):
  File "C:\Users\acruz\OneDrive - Aspen Technology, Inc\Documents\AutoTasks\auto_common_robot\Robot_Pass_Fail_Report_To_Jama.py", line 2, in &lt;module&gt;
    from jama import jama_proxy
PYTHONPATH:
  C:\Users\acruz\OneDrive - Aspen Technology, Inc\Documents\AutoTasks\auto_common_robot
  C:\Users\acruz\AppData\Local\Programs\Python\Python310\Scripts
  C:\Users\acruz\AppData\Local\Programs\Python\Python310\python310.zip
  C:\Users\acruz\AppData\Local\Programs\Python\Python310\DLLs
  C:\Users\acruz\AppData\Local\Programs\Python\Python310\lib
  C:\Users\acruz\AppData\Local\Programs\Python\Python310
  C:\Users\acruz\AppData\Local\Programs\Python\Python310\lib\site-packages
  C:\Users\acruz\AppData\Local\Programs\Python\Python310\lib\site-packages\robotframework-5.1b2.dev1-py3.10.egg
  C:\Users\acruz\AppData\Local\Programs\Python\Python310\lib\site-packages\win32
  C:\Users\acruz\AppData\Local\Programs\Python\Python310\lib\site-packages\win32\lib
  C:\Users\acruz\AppData\Local\Programs\Python\Python310\lib\site-packages\Pythonwin</msg>
<msg timestamp="20230214 23:32:04.348" level="ERROR">Error in file 'C:\Users\acruz\OneDrive - Aspen Technology, Inc\Documents\AutoTasks\auto_eitk3_robot\EITK3_General_Keywords.robot' on line 2: Variable file 'Robot_Pass_Fail_Report_To_Jama.py' does not exist.</msg>
<msg timestamp="20230214 23:32:04.349" level="ERROR">Error in file 'C:\Users\acruz\OneDrive - Aspen Technology, Inc\Documents\AutoTasks\auto_eitk3_robot\EITK3_General_Keywords.robot' on line 3: Library 'Robot_Pass_Fail_Report_To_Jama.py' does not exist.</msg>
</errors>
</robot>
